<?xml version="1.0" encoding="UTF-8"?>
<robot generator="Robot 7.2 (Python 3.12.8 on win32)" generated="2025-02-05T10:32:26.517538" rpa="false" schemaversion="5">
<suite id="s1" name="Testcase" source="C:\Users\UsEr\Documents\GitHub\Nawaphon_automation\Testcase\Testcase.robot">
<kw name="Random Integer with Python" owner="Common" type="SETUP">
<kw name="Evaluate" owner="BuiltIn">
<msg time="2025-02-05T10:32:26.682401" level="INFO">${random_integer} = 81</msg>
<var>${random_integer}</var>
<arg>random.randint(1, 100)</arg>
<arg>modules=random</arg>
<doc>Evaluates the given expression in Python and returns the result.</doc>
<status status="PASS" start="2025-02-05T10:32:26.681400" elapsed="0.001001"/>
</kw>
<kw name="Log" owner="BuiltIn">
<msg time="2025-02-05T10:32:26.682401" level="INFO">Random integer between 1 and 100 is: 81</msg>
<arg>Random integer between 1 and 100 is: ${random_integer}</arg>
<doc>Logs the given message with the given level.</doc>
<status status="PASS" start="2025-02-05T10:32:26.682401" elapsed="0.000000"/>
</kw>
<status status="PASS" start="2025-02-05T10:32:26.681400" elapsed="0.001001"/>
</kw>
<test id="s1-t1" name="TC01" line="10">
<kw name="Open doppy" owner="Common" type="SETUP">
<kw name="Open Browser" owner="SeleniumLibrary">
<msg time="2025-02-05T10:32:26.682401" level="INFO">Opening browser 'Chrome' to base url 'https://training-platform.doppio-tech.com/'.</msg>
<arg>https://training-platform.doppio-tech.com/</arg>
<arg>Chrome</arg>
<doc>Opens a new browser instance to the optional ``url``.</doc>
<status status="PASS" start="2025-02-05T10:32:26.682401" elapsed="1.675252"/>
</kw>
<status status="PASS" start="2025-02-05T10:32:26.682401" elapsed="1.675252"/>
</kw>
<kw name="Random Integer with Python" owner="Common">
<kw name="Evaluate" owner="BuiltIn">
<msg time="2025-02-05T10:32:28.359865" level="INFO">${random_integer} = 91</msg>
<var>${random_integer}</var>
<arg>random.randint(1, 100)</arg>
<arg>modules=random</arg>
<doc>Evaluates the given expression in Python and returns the result.</doc>
<status status="PASS" start="2025-02-05T10:32:28.358802" elapsed="0.001063"/>
</kw>
<kw name="Log" owner="BuiltIn">
<msg time="2025-02-05T10:32:28.359865" level="INFO">Random integer between 1 and 100 is: 91</msg>
<arg>Random integer between 1 and 100 is: ${random_integer}</arg>
<doc>Logs the given message with the given level.</doc>
<status status="PASS" start="2025-02-05T10:32:28.359865" elapsed="0.000000"/>
</kw>
<status status="PASS" start="2025-02-05T10:32:28.357653" elapsed="0.002212"/>
</kw>
<kw name="Go to Register Menu" owner="Common">
<kw name="Click Element" owner="SeleniumLibrary">
<msg time="2025-02-05T10:32:28.359865" level="INFO">Clicking element 'xpath=//div[@id='app']//span[@class='anticon anticon-user icon-size']'.</msg>
<arg>${human_icon}</arg>
<doc>Click the element identified by ``locator``.</doc>
<status status="PASS" start="2025-02-05T10:32:28.359865" elapsed="0.067463"/>
</kw>
<kw name="Wait Until Element Is Enabled" owner="SeleniumLibrary">
<arg>${signin_signup_btn}</arg>
<doc>Waits until the element ``locator`` is enabled.</doc>
<status status="PASS" start="2025-02-05T10:32:28.427328" elapsed="0.015217"/>
</kw>
<kw name="Click Element" owner="SeleniumLibrary">
<msg time="2025-02-05T10:32:28.442545" level="INFO">Clicking element 'xpath=//button[@class='css-eq3tly ant-btn ant-btn-default button-login']'.</msg>
<arg>${signin_signup_btn}</arg>
<doc>Click the element identified by ``locator``.</doc>
<status status="PASS" start="2025-02-05T10:32:28.442545" elapsed="0.063232"/>
</kw>
<status status="PASS" start="2025-02-05T10:32:28.359865" elapsed="0.145912"/>
</kw>
<kw name="Register account" owner="Common">
<kw name="Wait Until Element Is Enabled" owner="SeleniumLibrary">
<arg>${signup_signup_btn}</arg>
<doc>Waits until the element ``locator`` is enabled.</doc>
<status status="PASS" start="2025-02-05T10:32:28.505777" elapsed="0.012615"/>
</kw>
<kw name="Input Text" owner="SeleniumLibrary">
<msg time="2025-02-05T10:32:28.519462" level="INFO">Typing text 'Testingdoppio347@doppio.com' into text field 'xpath=//input[@id='basic_username']'.</msg>
<arg>${signup_email_input}</arg>
<arg>Testingdoppio347@doppio.com</arg>
<doc>Types the given ``text`` into the text field identified by ``locator``.</doc>
<status status="PASS" start="2025-02-05T10:32:28.518392" elapsed="0.082785"/>
</kw>
<kw name="Input Text" owner="SeleniumLibrary">
<msg time="2025-02-05T10:32:28.602184" level="INFO">Typing text 'P@ssw0rd1234' into text field 'xpath=//input[@id='basic_password']'.</msg>
<arg>${signup_password_input}</arg>
<arg>P@ssw0rd1234</arg>
<doc>Types the given ``text`` into the text field identified by ``locator``.</doc>
<status status="PASS" start="2025-02-05T10:32:28.602184" elapsed="0.062434"/>
</kw>
<kw name="Input Text" owner="SeleniumLibrary">
<msg time="2025-02-05T10:32:28.664618" level="INFO">Typing text 'P@ssw0rd1234' into text field 'xpath=//input[@id='basic_confirmPassword']'.</msg>
<arg>${signup_confirm_password_input}</arg>
<arg>P@ssw0rd1234</arg>
<doc>Types the given ``text`` into the text field identified by ``locator``.</doc>
<status status="PASS" start="2025-02-05T10:32:28.664618" elapsed="0.061550"/>
</kw>
<kw name="Click Element" owner="SeleniumLibrary">
<msg time="2025-02-05T10:32:28.726168" level="INFO">Clicking element 'xpath=//button[@class='css-eq3tly ant-btn ant-btn-primary button-login']'.</msg>
<arg>${signup_signup_btn}</arg>
<doc>Click the element identified by ``locator``.</doc>
<status status="PASS" start="2025-02-05T10:32:28.726168" elapsed="0.037355"/>
</kw>
<kw name="Wait Until Element Is Visible" owner="SeleniumLibrary">
<arg>${signup_signup_successfully}</arg>
<doc>Waits until the element ``locator`` is visible.</doc>
<status status="PASS" start="2025-02-05T10:32:28.763523" elapsed="0.215087"/>
</kw>
<kw name="Click Element" owner="SeleniumLibrary">
<msg time="2025-02-05T10:32:28.978610" level="INFO">Clicking element 'xpath=//button[@class = 'css-eq3tly ant-btn ant-btn-primary']'.</msg>
<arg>${signup_signup_successfully_ok}</arg>
<doc>Click the element identified by ``locator``.</doc>
<status status="PASS" start="2025-02-05T10:32:28.978610" elapsed="0.034449"/>
</kw>
<kw name="Wait Until Element Is Enabled" owner="SeleniumLibrary">
<arg>${human_icon}</arg>
<doc>Waits until the element ``locator`` is enabled.</doc>
<status status="PASS" start="2025-02-05T10:32:29.014100" elapsed="0.215004"/>
</kw>
<kw name="Log To Console" owner="BuiltIn">
<arg>Register success!!</arg>
<doc>Logs the given message to the console.</doc>
<status status="PASS" start="2025-02-05T10:32:29.229104" elapsed="0.001000"/>
</kw>
<kw name="Sleep" owner="BuiltIn">
<msg time="2025-02-05T10:32:34.230166" level="INFO">Slept 5 seconds.</msg>
<arg>5s</arg>
<doc>Pauses the test executed for the given time.</doc>
<status status="PASS" start="2025-02-05T10:32:29.230104" elapsed="5.000062"/>
</kw>
<status status="PASS" start="2025-02-05T10:32:28.505777" elapsed="5.724389"/>
</kw>
<kw name="Search Product" owner="Common">
<kw name="Wait Until Element Is Enabled" owner="SeleniumLibrary">
<arg>${home_searchbar}</arg>
<doc>Waits until the element ``locator`` is enabled.</doc>
<status status="PASS" start="2025-02-05T10:32:34.230672" elapsed="0.011432"/>
</kw>
<kw name="Log To Console" owner="BuiltIn">
<arg>${product}</arg>
<doc>Logs the given message to the console.</doc>
<status status="PASS" start="2025-02-05T10:32:34.242104" elapsed="0.000000"/>
</kw>
<kw name="Input Text" owner="SeleniumLibrary">
<msg time="2025-02-05T10:32:34.242104" level="INFO">Typing text 'phone' into text field 'xpath=//input[@placeholder='input search text']'.</msg>
<arg>${home_searchbar}</arg>
<arg>${product}</arg>
<doc>Types the given ``text`` into the text field identified by ``locator``.</doc>
<status status="PASS" start="2025-02-05T10:32:34.242104" elapsed="0.041471"/>
</kw>
<kw name="Click Element" owner="SeleniumLibrary">
<msg time="2025-02-05T10:32:34.283575" level="INFO">Clicking element 'xpath=//button[@class='css-eq3tly ant-btn ant-btn-primary ant-input-search-button']'.</msg>
<arg>${home_search_btn}</arg>
<doc>Click the element identified by ``locator``.</doc>
<status status="PASS" start="2025-02-05T10:32:34.283575" elapsed="0.032599"/>
</kw>
<arg>product=phone</arg>
<status status="PASS" start="2025-02-05T10:32:34.230166" elapsed="0.086008"/>
</kw>
<kw name="Add Product to cart" owner="Common">
<kw name="Wait Until Element Is Enabled" owner="SeleniumLibrary">
<arg>${search_product_doppee_phone}</arg>
<doc>Waits until the element ``locator`` is enabled.</doc>
<status status="PASS" start="2025-02-05T10:32:34.317263" elapsed="0.217273"/>
</kw>
<kw name="Click Element" owner="SeleniumLibrary">
<msg time="2025-02-05T10:32:34.534536" level="INFO">Clicking element 'xpath=//*[contains(text(),'Doppee phone')]'.</msg>
<arg>${search_product_doppee_phone}</arg>
<doc>Click the element identified by ``locator``.</doc>
<status status="PASS" start="2025-02-05T10:32:34.534536" elapsed="0.032661"/>
</kw>
<kw name="Wait Until Element Is Enabled" owner="SeleniumLibrary">
<arg>${product_detail_img}</arg>
<doc>Waits until the element ``locator`` is enabled.</doc>
<status status="PASS" start="2025-02-05T10:32:34.567197" elapsed="0.215110"/>
</kw>
<status status="PASS" start="2025-02-05T10:32:34.316174" elapsed="0.466133"/>
</kw>
<kw name="Sleep" owner="BuiltIn">
<msg time="2025-02-05T10:32:39.783472" level="INFO">Slept 5 seconds.</msg>
<arg>5s</arg>
<doc>Pauses the test executed for the given time.</doc>
<status status="PASS" start="2025-02-05T10:32:34.782307" elapsed="5.001165"/>
</kw>
<kw name="Close Browser" owner="SeleniumLibrary" type="TEARDOWN">
<doc>Closes the current browser.</doc>
<status status="PASS" start="2025-02-05T10:32:39.783472" elapsed="2.113170"/>
</kw>
<tag>Assignment</tag>
<status status="PASS" start="2025-02-05T10:32:26.682401" elapsed="15.214241"/>
</test>
<status status="PASS" start="2025-02-05T10:32:26.518539" elapsed="15.378103"/>
</suite>
<statistics>
<total>
<stat pass="1" fail="0" skip="0">All Tests</stat>
</total>
<tag>
<stat pass="1" fail="0" skip="0">Assignment</stat>
</tag>
<suite>
<stat name="Testcase" id="s1" pass="1" fail="0" skip="0">Testcase</stat>
</suite>
</statistics>
<errors>
<msg time="2025-02-05T10:32:26.676018" level="ERROR">Error in file 'C:\Users\UsEr\Documents\GitHub\Nawaphon_automation\import.robot' on line 3: Importing library 'Yaml' failed: ModuleNotFoundError: No module named 'Yaml'
Traceback (most recent call last):
  None
PYTHONPATH:
  C:\Users\UsEr\AppData\Local\Programs\Python\Python312\Scripts\robot.exe
  C:\Users\UsEr\AppData\Local\Programs\Python\Python312\python312.zip
  C:\Users\UsEr\AppData\Local\Programs\Python\Python312\DLLs
  C:\Users\UsEr\AppData\Local\Programs\Python\Python312\Lib
  C:\Users\UsEr\AppData\Local\Programs\Python\Python312
  C:\Users\UsEr\AppData\Local\Programs\Python\Python312\Lib\site-packages</msg>
<msg time="2025-02-05T10:32:26.679400" level="ERROR">Error in file 'C:\Users\UsEr\Documents\GitHub\Nawaphon_automation\import.robot' on line 7: Importing library 'Random' failed: ModuleNotFoundError: No module named 'Random'
Traceback (most recent call last):
  None
PYTHONPATH:
  C:\Users\UsEr\AppData\Local\Programs\Python\Python312\Scripts\robot.exe
  C:\Users\UsEr\AppData\Local\Programs\Python\Python312\python312.zip
  C:\Users\UsEr\AppData\Local\Programs\Python\Python312\DLLs
  C:\Users\UsEr\AppData\Local\Programs\Python\Python312\Lib
  C:\Users\UsEr\AppData\Local\Programs\Python\Python312
  C:\Users\UsEr\AppData\Local\Programs\Python\Python312\Lib\site-packages</msg>
</errors>
</robot>
